<?xml version="1.0" encoding="UTF-8"?>
<testsuite name="DemoTest" tests="2" skipped="0" failures="0" errors="0" timestamp="2023-10-26T08:56:59" hostname="Davood-PC" time="0.048">
  <properties/>
  <testcase name="test1" classname="DemoTest" time="0.048"/>
  <testcase name="test2" classname="DemoTest" time="0.0"/>
  <system-out><![CDATA[]]></system-out>
  <system-err><![CDATA[]]></system-err>
</testsuite>
